Copyright 1986-2019 Xilinx, Inc. All Rights Reserved.
--------------------------------------------------------------------------------------
| Tool Version : Vivado v.2018.3.1 (win64) Build 2489853 Tue Mar 26 04:20:25 MDT 2019
| Date         : Tue Mar  3 15:05:21 2026
| Host         : DESKTOP-CDKE44D running 64-bit major release  (build 9200)
| Command      : upgrade_ip
| Device       : xc7a100tcsg324-1
--------------------------------------------------------------------------------------

Upgrade Log for IP 'design_1_mem_controller_0_0'

1. Summary
----------

SUCCESS in the conversion of design_1_mem_controller_0_0 (xilinx.com:user:mem_controller:1.0 (Rev. 23)) to Vivado generation flows.






Copyright 1986-2019 Xilinx, Inc. All Rights Reserved.
--------------------------------------------------------------------------------------
| Tool Version : Vivado v.2018.3.1 (win64) Build 2489853 Tue Mar 26 04:20:25 MDT 2019
| Date         : Tue Mar  3 14:56:16 2026
| Host         : DESKTOP-CDKE44D running 64-bit major release  (build 9200)
| Command      : upgrade_ip
| Device       : xc7a100tcsg324-1
--------------------------------------------------------------------------------------

Upgrade Log for IP 'design_1_mem_controller_0_0'

1. Summary
----------

SUCCESS in the upgrade of design_1_mem_controller_0_0 (xilinx.com:user:mem_controller:1.0) from (Rev. 22) to (Rev. 23)






Copyright 1986-2019 Xilinx, Inc. All Rights Reserved.
--------------------------------------------------------------------------------------
| Tool Version : Vivado v.2018.3.1 (win64) Build 2489853 Tue Mar 26 04:20:25 MDT 2019
| Date         : Tue Mar  3 14:46:03 2026
| Host         : DESKTOP-CDKE44D running 64-bit major release  (build 9200)
| Command      : upgrade_ip
| Device       : xc7a100tcsg324-1
--------------------------------------------------------------------------------------

Upgrade Log for IP 'design_1_mem_controller_0_0'

1. Summary
----------

SUCCESS in the conversion of design_1_mem_controller_0_0 (xilinx.com:user:mem_controller:1.0 (Rev. 22)) to Vivado generation flows.






Copyright 1986-2019 Xilinx, Inc. All Rights Reserved.
--------------------------------------------------------------------------------------
| Tool Version : Vivado v.2018.3.1 (win64) Build 2489853 Tue Mar 26 04:20:25 MDT 2019
| Date         : Tue Mar  3 14:22:16 2026
| Host         : DESKTOP-CDKE44D running 64-bit major release  (build 9200)
| Command      : upgrade_ip
| Device       : xc7a100tcsg324-1
--------------------------------------------------------------------------------------

Upgrade Log for IP 'design_1_mem_controller_0_0'

1. Summary
----------

SUCCESS in the conversion of design_1_mem_controller_0_0 (xilinx.com:user:mem_controller:1.0 (Rev. 22)) to Vivado generation flows.






Copyright 1986-2019 Xilinx, Inc. All Rights Reserved.
--------------------------------------------------------------------------------------
| Tool Version : Vivado v.2018.3.1 (win64) Build 2489853 Tue Mar 26 04:20:25 MDT 2019
| Date         : Tue Mar  3 14:17:21 2026
| Host         : DESKTOP-CDKE44D running 64-bit major release  (build 9200)
| Command      : upgrade_ip
| Device       : xc7a100tcsg324-1
--------------------------------------------------------------------------------------

Upgrade Log for IP 'design_1_mem_controller_0_0'

1. Summary
----------

SUCCESS in the conversion of design_1_mem_controller_0_0 (xilinx.com:user:mem_controller:1.0 (Rev. 22)) to Vivado generation flows.






Copyright 1986-2019 Xilinx, Inc. All Rights Reserved.
--------------------------------------------------------------------------------------
| Tool Version : Vivado v.2018.3.1 (win64) Build 2489853 Tue Mar 26 04:20:25 MDT 2019
| Date         : Tue Mar  3 14:14:47 2026
| Host         : DESKTOP-CDKE44D running 64-bit major release  (build 9200)
| Command      : upgrade_ip
| Device       : xc7a100tcsg324-1
--------------------------------------------------------------------------------------

Upgrade Log for IP 'design_1_mem_controller_0_0'

1. Summary
----------

SUCCESS in the upgrade of design_1_mem_controller_0_0 (xilinx.com:user:mem_controller:1.0) from (Rev. 21) to (Rev. 22)






Copyright 1986-2019 Xilinx, Inc. All Rights Reserved.
--------------------------------------------------------------------------------------
| Tool Version : Vivado v.2018.3.1 (win64) Build 2489853 Tue Mar 26 04:20:25 MDT 2019
| Date         : Tue Mar  3 14:09:18 2026
| Host         : DESKTOP-CDKE44D running 64-bit major release  (build 9200)
| Command      : upgrade_ip
| Device       : xc7a100tcsg324-1
--------------------------------------------------------------------------------------

Upgrade Log for IP 'design_1_mem_controller_0_0'

1. Summary
----------

SUCCESS in the conversion of design_1_mem_controller_0_0 (xilinx.com:user:mem_controller:1.0 (Rev. 21)) to Vivado generation flows.






Copyright 1986-2019 Xilinx, Inc. All Rights Reserved.
--------------------------------------------------------------------------------------
| Tool Version : Vivado v.2018.3.1 (win64) Build 2489853 Tue Mar 26 04:20:25 MDT 2019
| Date         : Tue Mar  3 13:59:11 2026
| Host         : DESKTOP-CDKE44D running 64-bit major release  (build 9200)
| Command      : upgrade_ip
| Device       : xc7a100tcsg324-1
--------------------------------------------------------------------------------------

Upgrade Log for IP 'design_1_mem_controller_0_0'

1. Summary
----------

SUCCESS in the conversion of design_1_mem_controller_0_0 (xilinx.com:user:mem_controller:1.0 (Rev. 21)) to Vivado generation flows.






Copyright 1986-2019 Xilinx, Inc. All Rights Reserved.
--------------------------------------------------------------------------------------
| Tool Version : Vivado v.2018.3.1 (win64) Build 2489853 Tue Mar 26 04:20:25 MDT 2019
| Date         : Tue Mar  3 13:34:41 2026
| Host         : DESKTOP-CDKE44D running 64-bit major release  (build 9200)
| Command      : upgrade_ip
| Device       : xc7a100tcsg324-1
--------------------------------------------------------------------------------------

Upgrade Log for IP 'design_1_mem_controller_0_0'

1. Summary
----------

SUCCESS in the conversion of design_1_mem_controller_0_0 (xilinx.com:user:mem_controller:1.0 (Rev. 21)) to Vivado generation flows.






Copyright 1986-2019 Xilinx, Inc. All Rights Reserved.
--------------------------------------------------------------------------------------
| Tool Version : Vivado v.2018.3.1 (win64) Build 2489853 Tue Mar 26 04:20:25 MDT 2019
| Date         : Tue Mar  3 13:23:35 2026
| Host         : DESKTOP-CDKE44D running 64-bit major release  (build 9200)
| Command      : upgrade_ip
| Device       : xc7a100tcsg324-1
--------------------------------------------------------------------------------------

Upgrade Log for IP 'design_1_mem_controller_0_0'

1. Summary
----------

SUCCESS in the upgrade of design_1_mem_controller_0_0 (xilinx.com:user:mem_controller:1.0) from (Rev. 20) to (Rev. 21)






Copyright 1986-2019 Xilinx, Inc. All Rights Reserved.
--------------------------------------------------------------------------------------
| Tool Version : Vivado v.2018.3.1 (win64) Build 2489853 Tue Mar 26 04:20:25 MDT 2019
| Date         : Tue Mar  3 00:49:11 2026
| Host         : DESKTOP-CDKE44D running 64-bit major release  (build 9200)
| Command      : upgrade_ip
| Device       : xc7a100tcsg324-1
--------------------------------------------------------------------------------------

Upgrade Log for IP 'design_1_mem_controller_0_0'

1. Summary
----------

SUCCESS in the upgrade of design_1_mem_controller_0_0 (xilinx.com:user:mem_controller:1.0) from (Rev. 19) to (Rev. 20)






Copyright 1986-2019 Xilinx, Inc. All Rights Reserved.
--------------------------------------------------------------------------------------
| Tool Version : Vivado v.2018.3.1 (win64) Build 2489853 Tue Mar 26 04:20:25 MDT 2019
| Date         : Tue Mar  3 00:45:37 2026
| Host         : DESKTOP-CDKE44D running 64-bit major release  (build 9200)
| Command      : upgrade_ip
| Device       : xc7a100tcsg324-1
--------------------------------------------------------------------------------------

Upgrade Log for IP 'design_1_mem_controller_0_0'

1. Summary
----------

SUCCESS in the upgrade of design_1_mem_controller_0_0 (xilinx.com:user:mem_controller:1.0) from (Rev. 18) to (Rev. 19)






Copyright 1986-2019 Xilinx, Inc. All Rights Reserved.
--------------------------------------------------------------------------------------
| Tool Version : Vivado v.2018.3.1 (win64) Build 2489853 Tue Mar 26 04:20:25 MDT 2019
| Date         : Tue Mar  3 00:38:58 2026
| Host         : DESKTOP-CDKE44D running 64-bit major release  (build 9200)
| Command      : upgrade_ip
| Device       : xc7a100tcsg324-1
--------------------------------------------------------------------------------------

Upgrade Log for IP 'design_1_mem_controller_0_0'

1. Summary
----------

SUCCESS in the upgrade of design_1_mem_controller_0_0 (xilinx.com:user:mem_controller:1.0) from (Rev. 17) to (Rev. 18)






Copyright 1986-2019 Xilinx, Inc. All Rights Reserved.
--------------------------------------------------------------------------------------
| Tool Version : Vivado v.2018.3.1 (win64) Build 2489853 Tue Mar 26 04:20:25 MDT 2019
| Date         : Mon Mar  2 23:39:16 2026
| Host         : DESKTOP-CDKE44D running 64-bit major release  (build 9200)
| Command      : upgrade_ip
| Device       : xc7a100tcsg324-1
--------------------------------------------------------------------------------------

Upgrade Log for IP 'design_1_mem_controller_0_0'

1. Summary
----------

SUCCESS in the upgrade of design_1_mem_controller_0_0 (xilinx.com:user:mem_controller:1.0) from (Rev. 16) to (Rev. 17)






Copyright 1986-2019 Xilinx, Inc. All Rights Reserved.
--------------------------------------------------------------------------------------
| Tool Version : Vivado v.2018.3.1 (win64) Build 2489853 Tue Mar 26 04:20:25 MDT 2019
| Date         : Mon Mar  2 23:13:10 2026
| Host         : DESKTOP-CDKE44D running 64-bit major release  (build 9200)
| Command      : upgrade_ip
| Device       : xc7a100tcsg324-1
--------------------------------------------------------------------------------------

Upgrade Log for IP 'design_1_mem_controller_0_0'

1. Summary
----------

SUCCESS in the conversion of design_1_mem_controller_0_0 (xilinx.com:user:mem_controller:1.0 (Rev. 16)) to Vivado generation flows.






Copyright 1986-2019 Xilinx, Inc. All Rights Reserved.
--------------------------------------------------------------------------------------
| Tool Version : Vivado v.2018.3.1 (win64) Build 2489853 Tue Mar 26 04:20:25 MDT 2019
| Date         : Mon Mar  2 23:09:55 2026
| Host         : DESKTOP-CDKE44D running 64-bit major release  (build 9200)
| Command      : upgrade_ip
| Device       : xc7a100tcsg324-1
--------------------------------------------------------------------------------------

Upgrade Log for IP 'design_1_mem_controller_0_0'

1. Summary
----------

SUCCESS in the conversion of design_1_mem_controller_0_0 (xilinx.com:user:mem_controller:1.0 (Rev. 16)) to Vivado generation flows.






Copyright 1986-2019 Xilinx, Inc. All Rights Reserved.
--------------------------------------------------------------------------------------
| Tool Version : Vivado v.2018.3.1 (win64) Build 2489853 Tue Mar 26 04:20:25 MDT 2019
| Date         : Mon Mar  2 22:49:24 2026
| Host         : DESKTOP-CDKE44D running 64-bit major release  (build 9200)
| Command      : upgrade_ip
| Device       : xc7a100tcsg324-1
--------------------------------------------------------------------------------------

Upgrade Log for IP 'design_1_mem_controller_0_0'

1. Summary
----------

SUCCESS in the conversion of design_1_mem_controller_0_0 (xilinx.com:user:mem_controller:1.0 (Rev. 16)) to Vivado generation flows.






Copyright 1986-2019 Xilinx, Inc. All Rights Reserved.
--------------------------------------------------------------------------------------
| Tool Version : Vivado v.2018.3.1 (win64) Build 2489853 Tue Mar 26 04:20:25 MDT 2019
| Date         : Mon Mar  2 22:03:23 2026
| Host         : DESKTOP-CDKE44D running 64-bit major release  (build 9200)
| Command      : upgrade_ip
| Device       : xc7a100tcsg324-1
--------------------------------------------------------------------------------------

Upgrade Log for IP 'design_1_mem_controller_0_0'

1. Summary
----------

SUCCESS in the conversion of design_1_mem_controller_0_0 (xilinx.com:user:mem_controller:1.0 (Rev. 16)) to Vivado generation flows.






Copyright 1986-2019 Xilinx, Inc. All Rights Reserved.
--------------------------------------------------------------------------------------
| Tool Version : Vivado v.2018.3.1 (win64) Build 2489853 Tue Mar 26 04:20:25 MDT 2019
| Date         : Mon Mar  2 21:55:51 2026
| Host         : DESKTOP-CDKE44D running 64-bit major release  (build 9200)
| Command      : upgrade_ip
| Device       : xc7a100tcsg324-1
--------------------------------------------------------------------------------------

Upgrade Log for IP 'design_1_mem_controller_0_0'

1. Summary
----------

SUCCESS in the upgrade of design_1_mem_controller_0_0 (xilinx.com:user:mem_controller:1.0) from (Rev. 15) to (Rev. 16)






Copyright 1986-2019 Xilinx, Inc. All Rights Reserved.
--------------------------------------------------------------------------------------
| Tool Version : Vivado v.2018.3.1 (win64) Build 2489853 Tue Mar 26 04:20:25 MDT 2019
| Date         : Mon Mar  2 21:44:20 2026
| Host         : DESKTOP-CDKE44D running 64-bit major release  (build 9200)
| Command      : upgrade_ip
| Device       : xc7a100tcsg324-1
--------------------------------------------------------------------------------------

Upgrade Log for IP 'design_1_mem_controller_0_0'

1. Summary
----------

SUCCESS in the conversion of design_1_mem_controller_0_0 (xilinx.com:user:mem_controller:1.0 (Rev. 15)) to Vivado generation flows.






Copyright 1986-2019 Xilinx, Inc. All Rights Reserved.
--------------------------------------------------------------------------------------
| Tool Version : Vivado v.2018.3.1 (win64) Build 2489853 Tue Mar 26 04:20:25 MDT 2019
| Date         : Mon Mar  2 21:17:06 2026
| Host         : DESKTOP-CDKE44D running 64-bit major release  (build 9200)
| Command      : upgrade_ip
| Device       : xc7a100tcsg324-1
--------------------------------------------------------------------------------------

Upgrade Log for IP 'design_1_mem_controller_0_0'

1. Summary
----------

SUCCESS in the upgrade of design_1_mem_controller_0_0 (xilinx.com:user:mem_controller:1.0) from (Rev. 14) to (Rev. 15)






Copyright 1986-2019 Xilinx, Inc. All Rights Reserved.
--------------------------------------------------------------------------------------
| Tool Version : Vivado v.2018.3.1 (win64) Build 2489853 Tue Mar 26 04:20:25 MDT 2019
| Date         : Mon Mar  2 20:45:13 2026
| Host         : DESKTOP-CDKE44D running 64-bit major release  (build 9200)
| Command      : upgrade_ip
| Device       : xc7a100tcsg324-1
--------------------------------------------------------------------------------------

Upgrade Log for IP 'design_1_mem_controller_0_0'

1. Summary
----------

SUCCESS in the upgrade of design_1_mem_controller_0_0 (xilinx.com:user:mem_controller:1.0) from (Rev. 13) to (Rev. 14)






Copyright 1986-2019 Xilinx, Inc. All Rights Reserved.
--------------------------------------------------------------------------------------
| Tool Version : Vivado v.2018.3.1 (win64) Build 2489853 Tue Mar 26 04:20:25 MDT 2019
| Date         : Mon Mar  2 18:10:51 2026
| Host         : DESKTOP-CDKE44D running 64-bit major release  (build 9200)
| Command      : upgrade_ip
| Device       : xc7a100tcsg324-1
--------------------------------------------------------------------------------------

Upgrade Log for IP 'design_1_mem_controller_0_0'

1. Summary
----------

SUCCESS in the upgrade of design_1_mem_controller_0_0 (xilinx.com:user:mem_controller:1.0) from (Rev. 12) to (Rev. 13)






Copyright 1986-2019 Xilinx, Inc. All Rights Reserved.
--------------------------------------------------------------------------------------
| Tool Version : Vivado v.2018.3.1 (win64) Build 2489853 Tue Mar 26 04:20:25 MDT 2019
| Date         : Mon Mar  2 16:08:43 2026
| Host         : DESKTOP-CDKE44D running 64-bit major release  (build 9200)
| Command      : upgrade_ip
| Device       : xc7a100tcsg324-1
--------------------------------------------------------------------------------------

Upgrade Log for IP 'design_1_mem_controller_0_0'

1. Summary
----------

SUCCESS in the upgrade of design_1_mem_controller_0_0 (xilinx.com:user:mem_controller:1.0) from (Rev. 11) to (Rev. 12)






Copyright 1986-2019 Xilinx, Inc. All Rights Reserved.
--------------------------------------------------------------------------------------
| Tool Version : Vivado v.2018.3.1 (win64) Build 2489853 Tue Mar 26 04:20:25 MDT 2019
| Date         : Mon Mar  2 15:51:14 2026
| Host         : DESKTOP-CDKE44D running 64-bit major release  (build 9200)
| Command      : upgrade_ip
| Device       : xc7a100tcsg324-1
--------------------------------------------------------------------------------------

Upgrade Log for IP 'design_1_mem_controller_0_0'

1. Summary
----------

SUCCESS in the upgrade of design_1_mem_controller_0_0 (xilinx.com:user:mem_controller:1.0) from (Rev. 10) to (Rev. 11)






Copyright 1986-2019 Xilinx, Inc. All Rights Reserved.
--------------------------------------------------------------------------------------
| Tool Version : Vivado v.2018.3.1 (win64) Build 2489853 Tue Mar 26 04:20:25 MDT 2019
| Date         : Mon Mar  2 14:51:06 2026
| Host         : DESKTOP-CDKE44D running 64-bit major release  (build 9200)
| Command      : upgrade_ip
| Device       : xc7a100tcsg324-1
--------------------------------------------------------------------------------------

Upgrade Log for IP 'design_1_mem_controller_0_0'

1. Summary
----------

SUCCESS in the upgrade of design_1_mem_controller_0_0 (xilinx.com:user:mem_controller:1.0) from (Rev. 9) to (Rev. 10)






Copyright 1986-2019 Xilinx, Inc. All Rights Reserved.
--------------------------------------------------------------------------------------
| Tool Version : Vivado v.2018.3.1 (win64) Build 2489853 Tue Mar 26 04:20:25 MDT 2019
| Date         : Mon Mar  2 14:42:30 2026
| Host         : DESKTOP-CDKE44D running 64-bit major release  (build 9200)
| Command      : upgrade_ip
| Device       : xc7a100tcsg324-1
--------------------------------------------------------------------------------------

Upgrade Log for IP 'design_1_mem_controller_0_0'

1. Summary
----------

SUCCESS in the upgrade of design_1_mem_controller_0_0 (xilinx.com:user:mem_controller:1.0) from (Rev. 7) to (Rev. 9)

