Vivado Simulator 2018.3
Copyright 1986-1999, 2001-2018 Xilinx, Inc. All Rights Reserved.
Running: C:/Xilinx/Vivado/2018.3/bin/unwrapped/win64.o/xelab.exe -wto 7e9747022f0c4f078fbf0ef072b89216 --incr --debug typical --relax --mt 2 -L microblaze_v11_0_0 -L xil_defaultlib -L lmb_v10_v3_0_9 -L lmb_bram_if_cntlr_v4_0_15 -L blk_mem_gen_v8_4_2 -L generic_baseblocks_v2_1_0 -L axi_infrastructure_v1_1_0 -L axi_register_slice_v2_1_18 -L fifo_generator_v13_2_3 -L axi_data_fifo_v2_1_17 -L axi_crossbar_v2_1_19 -L axi_lite_ipif_v3_0_4 -L axi_intc_v4_1_12 -L xlconcat_v2_1_1 -L mdm_v3_2_15 -L lib_cdc_v1_0_2 -L proc_sys_reset_v5_0_13 -L lib_pkg_v1_0_2 -L lib_srl_fifo_v1_0_2 -L axi_uartlite_v2_0_22 -L axi_vip_v1_1_4 -L blk_mem_gen_v8_3_6 -L axi_bram_ctrl_v4_1_0 -L axi_protocol_converter_v2_1_18 -L axi_clock_converter_v2_1_17 -L axi_dwidth_converter_v2_1_18 -L xilinx_vip -L unisims_ver -L unimacro_ver -L secureip -L xpm --snapshot part3_tb_behav xil_defaultlib.part3_tb xil_defaultlib.glbl -log elaborate.log 
Using 2 slave threads.
Starting static elaboration
WARNING: [VRFC 10-3091] actual bit length 32 differs from formal bit length 5 for port 'n' [C:/Users/khanm/AppData/Roaming/Xilinx/Vivado/proj/DDR_GOLDEN/DDR_GOLDEN.ip_user_files/bd/design_1/ipshared/fc61/mem_controller.v:100]
WARNING: [VRFC 10-3091] actual bit length 4 differs from formal bit length 5 for port 's_axi_arready' [C:/Users/khanm/AppData/Roaming/Xilinx/Vivado/proj/DDR_GOLDEN/DDR_GOLDEN.ip_user_files/bd/design_1/sim/design_1.v:2740]
WARNING: [VRFC 10-3091] actual bit length 256 differs from formal bit length 320 for port 's_axi_rdata' [C:/Users/khanm/AppData/Roaming/Xilinx/Vivado/proj/DDR_GOLDEN/DDR_GOLDEN.ip_user_files/bd/design_1/sim/design_1.v:2757]
WARNING: [VRFC 10-3091] actual bit length 4 differs from formal bit length 5 for port 's_axi_rlast' [C:/Users/khanm/AppData/Roaming/Xilinx/Vivado/proj/DDR_GOLDEN/DDR_GOLDEN.ip_user_files/bd/design_1/sim/design_1.v:2758]
WARNING: [VRFC 10-3091] actual bit length 8 differs from formal bit length 10 for port 's_axi_rresp' [C:/Users/khanm/AppData/Roaming/Xilinx/Vivado/proj/DDR_GOLDEN/DDR_GOLDEN.ip_user_files/bd/design_1/sim/design_1.v:2760]
WARNING: [VRFC 10-3091] actual bit length 4 differs from formal bit length 5 for port 's_axi_rvalid' [C:/Users/khanm/AppData/Roaming/Xilinx/Vivado/proj/DDR_GOLDEN/DDR_GOLDEN.ip_user_files/bd/design_1/sim/design_1.v:2761]
WARNING: [VRFC 10-3091] actual bit length 1 differs from formal bit length 1024 for port 'dbg_poc' [C:/Users/khanm/AppData/Roaming/Xilinx/Vivado/proj/DDR_GOLDEN/DDR_GOLDEN.ip_user_files/bd/design_1/ip/design_1_mig_7series_0_0/design_1_mig_7series_0_0/user_design/rtl/design_1_mig_7series_0_0_mig_sim.v:1320]
WARNING: [VRFC 10-3091] actual bit length 12 differs from formal bit length 4 for port 'pi_dqs_found_lanes' [C:/Users/khanm/AppData/Roaming/Xilinx/Vivado/proj/DDR_GOLDEN/DDR_GOLDEN.ip_user_files/bd/design_1/ip/design_1_mig_7series_0_0/design_1_mig_7series_0_0/user_design/rtl/phy/mig_7series_v4_2_ddr_mc_phy_wrapper.v:1671]
WARNING: [VRFC 10-3091] actual bit length 12 differs from formal bit length 4 for port 'pi_phase_locked_lanes' [C:/Users/khanm/AppData/Roaming/Xilinx/Vivado/proj/DDR_GOLDEN/DDR_GOLDEN.ip_user_files/bd/design_1/ip/design_1_mig_7series_0_0/design_1_mig_7series_0_0/user_design/rtl/phy/mig_7series_v4_2_ddr_mc_phy_wrapper.v:1679]
WARNING: [VRFC 10-3091] actual bit length 12 differs from formal bit length 4 for port 'pi_dqs_found_lanes' [C:/Users/khanm/AppData/Roaming/Xilinx/Vivado/proj/DDR_GOLDEN/DDR_GOLDEN.ip_user_files/bd/design_1/ip/design_1_mig_7series_0_0/design_1_mig_7series_0_0/user_design/rtl/phy/mig_7series_v4_2_ddr_phy_top.v:1340]
WARNING: [VRFC 10-3091] actual bit length 2 differs from formal bit length 1 for port 'fine_adjust_lane_cnt' [C:/Users/khanm/AppData/Roaming/Xilinx/Vivado/proj/DDR_GOLDEN/DDR_GOLDEN.ip_user_files/bd/design_1/ip/design_1_mig_7series_0_0/design_1_mig_7series_0_0/user_design/rtl/phy/mig_7series_v4_2_ddr_calib_top.v:1963]
WARNING: [VRFC 10-3705] select index 2 into 'g7s_cc_rst_nsckt.arst_sync_wr' is out of bounds [/wrk/2018.sub/2018.3.1/continuous/2019_03_26_2489853/packages/customer/vivado/data/ip/xilinx/fifo_generator_v13_2/simulation/fifo_generator_vlog_beh.v:4830]
Completed static elaboration
Starting simulation data flow analysis
Completed simulation data flow analysis
Time Resolution for simulation is 1fs
Compiling package std.standard
Compiling package std.textio
Compiling package ieee.std_logic_1164
Compiling package ieee.numeric_std
Compiling package ieee.std_logic_arith
Compiling package xpm.vcomponents
Compiling package axi_bram_ctrl_v4_1_0.axi_bram_ctrl_funcs
Compiling package ieee.std_logic_unsigned
Compiling package axi_lite_ipif_v3_0_4.ipif_pkg
Compiling package synopsys.attributes
Compiling package ieee.std_logic_misc
Compiling package unisim.vcomponents
Compiling package ieee.vital_timing
Compiling package ieee.vital_primitives
Compiling package unisim.vpkg
Compiling package lib_pkg_v1_0_2.lib_pkg
Compiling package mdm_v3_2_15.mdm_funcs
Compiling package microblaze_v11_0_0.microblaze_types
Compiling package microblaze_v11_0_0.microblaze_isa
Compiling package ieee.std_logic_signed
Compiling package ieee.std_logic_textio
Compiling package microblaze_v11_0_0.mmu_types
Compiling package ieee.math_real
Compiling package lmb_bram_if_cntlr_v4_0_15.lmb_bram_if_funcs
Compiling package xilinx_vip.axi_vip_pkg
Compiling package xilinx_vip.xil_common_vip_pkg
Compiling package std.std
Compiling architecture implementation of entity axi_bram_ctrl_v4_1_0.axi_lite [\axi_lite(c_s_axi_addr_width=13,...]
Compiling architecture implementation of entity axi_bram_ctrl_v4_1_0.axi_bram_ctrl_top [\axi_bram_ctrl_top(c_bram_addr_w...]
Compiling architecture implementation of entity axi_bram_ctrl_v4_1_0.axi_bram_ctrl [\axi_bram_ctrl(c_memory_depth=20...]
Compiling architecture design_1_axi_bram_ctrl_0_0_arch of entity xil_defaultlib.design_1_axi_bram_ctrl_0_0 [design_1_axi_bram_ctrl_0_0_defau...]
Compiling architecture rtl of entity axi_uartlite_v2_0_22.baudrate [\baudrate(c_ratio=529)\]
Compiling architecture fdre_v of entity unisim.FDRE [fdre_default]
Compiling architecture fdr_v of entity unisim.FDR [fdr_default]
Compiling architecture implementation of entity lib_cdc_v1_0_2.cdc_sync [\cdc_sync(c_mtbf_stages=4)\]
Compiling architecture imp of entity lib_srl_fifo_v1_0_2.cntr_incr_decr_addn_f [\cntr_incr_decr_addn_f(c_size=5,...]
Compiling architecture behavioral of entity lib_srl_fifo_v1_0_2.dynshreg_f [\dynshreg_f(c_depth=16,c_dwidth=...]
Compiling architecture imp of entity lib_srl_fifo_v1_0_2.srl_fifo_rbu_f [\srl_fifo_rbu_f(c_dwidth=8,c_fam...]
Compiling architecture imp of entity lib_srl_fifo_v1_0_2.srl_fifo_f [\srl_fifo_f(c_dwidth=8,c_family=...]
Compiling architecture rtl of entity axi_uartlite_v2_0_22.uartlite_rx [\uartlite_rx(c_family="artix7")(...]
Compiling architecture rtl of entity axi_uartlite_v2_0_22.uartlite_tx [\uartlite_tx(c_family="artix7")(...]
Compiling architecture rtl of entity axi_uartlite_v2_0_22.uartlite_core [\uartlite_core(c_family="artix7"...]
Compiling architecture imp of entity axi_lite_ipif_v3_0_4.pselect_f [\pselect_f(c_ab=2,c_aw=2,c_bar="...]
Compiling architecture imp of entity axi_lite_ipif_v3_0_4.pselect_f [\pselect_f(c_ab=2,c_aw=2,c_bar="...]
Compiling architecture imp of entity axi_lite_ipif_v3_0_4.pselect_f [\pselect_f(c_ab=2,c_aw=2,c_bar="...]
Compiling architecture imp of entity axi_lite_ipif_v3_0_4.pselect_f [\pselect_f(c_ab=2,c_aw=2,c_bar="...]
Compiling architecture imp of entity axi_lite_ipif_v3_0_4.address_decoder [\address_decoder(c_bus_awidth=4,...]
Compiling architecture imp of entity axi_lite_ipif_v3_0_4.slave_attachment [\slave_attachment(c_ard_addr_ran...]
Compiling architecture imp of entity axi_lite_ipif_v3_0_4.axi_lite_ipif [\axi_lite_ipif(c_s_axi_addr_widt...]
Compiling architecture rtl of entity axi_uartlite_v2_0_22.axi_uartlite [\axi_uartlite(c_family="artix7",...]
Compiling architecture design_1_axi_uartlite_0_0_arch of entity xil_defaultlib.design_1_axi_uartlite_0_0 [design_1_axi_uartlite_0_0_defaul...]
Compiling module xilinx_vip.axi_vip_axi4pc(WDATA_WIDTH=32,RD...
Compiling module xilinx_vip.cb
Compiling module xilinx_vip.axi_vip_if(C_AXI_PROTOCOL=2,C_AX...
Compiling module axi_vip_v1_1_4.axi_vip_v1_1_4_top(C_AXI_PROTOCO...
Compiling module xil_defaultlib.design_1_axi_vip_0_0
Compiling module blk_mem_gen_v8_4_2.blk_mem_gen_v8_4_2_output_stage(...
Compiling module blk_mem_gen_v8_4_2.blk_mem_gen_v8_4_2_output_stage(...
Compiling module blk_mem_gen_v8_4_2.blk_mem_gen_v8_4_2_softecc_outpu...
Compiling module blk_mem_gen_v8_4_2.blk_mem_gen_v8_4_2_mem_module(C_...
Compiling module blk_mem_gen_v8_4_2.blk_mem_gen_v8_4_2(C_FAMILY="art...
Compiling module xil_defaultlib.design_1_blk_mem_gen_0_0
Compiling module unisims_ver.IBUF
Compiling module unisims_ver.MMCME2_ADV(CLKFBOUT_MULT_F=10.0,...
Compiling module unisims_ver.BUFG
Compiling module xil_defaultlib.design_1_clk_wiz_0_0_clk_wiz
Compiling module xil_defaultlib.design_1_clk_wiz_0_0
Compiling architecture bscane2_v of entity unisim.BSCANE2 [\BSCANE2(jtag_chain=2)(1,5)\]
Compiling architecture imp of entity mdm_v3_2_15.MB_BSCANE2 [\MB_BSCANE2(c_target=non_rtl,jta...]
Compiling architecture bufg_v of entity unisim.BUFG [bufg_default]
Compiling architecture imp of entity mdm_v3_2_15.MB_BUFG [\MB_BUFG(c_target=non_rtl)\]
Compiling architecture fdce_v of entity unisim.FDCE [fdce_default]
Compiling architecture fdc_1_v of entity unisim.FDC_1 [fdc_1_default]
Compiling architecture imp of entity mdm_v3_2_15.MB_FDC_1 [\MB_FDC_1(c_target=non_rtl)\]
Compiling architecture fdre_1_v of entity unisim.FDRE_1 [fdre_1_default]
Compiling architecture imp of entity mdm_v3_2_15.MB_FDRE_1 [\MB_FDRE_1(c_target=non_rtl)\]
Compiling architecture srl16e_v of entity unisim.SRL16E [\SRL16E(init="0000000101100111")...]
Compiling architecture imp of entity mdm_v3_2_15.MB_SRL16E [\MB_SRL16E(c_target=non_rtl,c_st...]
Compiling architecture srl16e_v of entity unisim.SRL16E [\SRL16E(init="0100001010000111")...]
Compiling architecture imp of entity mdm_v3_2_15.MB_SRL16E [\MB_SRL16E(c_target=non_rtl,c_st...]
Compiling architecture srl16e_v of entity unisim.SRL16E [\SRL16E(init="0100010001000011")...]
Compiling architecture imp of entity mdm_v3_2_15.MB_SRL16E [\MB_SRL16E(c_target=non_rtl,c_st...]
Compiling architecture srl16e_v of entity unisim.SRL16E [\SRL16E(init="0101100001001101")...]
Compiling architecture imp of entity mdm_v3_2_15.MB_SRL16E [\MB_SRL16E(c_target=non_rtl,c_st...]
Compiling architecture imp of entity mdm_v3_2_15.JTAG_CONTROL [\JTAG_CONTROL(c_target=non_rtl,c...]
Compiling architecture imp of entity mdm_v3_2_15.MDM_Core [\MDM_Core(c_target=non_rtl,c_jta...]
Compiling architecture imp of entity mdm_v3_2_15.MDM [\MDM(c_family="artix7",c_bscanid...]
Compiling architecture design_1_mdm_1_0_arch of entity xil_defaultlib.design_1_mdm_1_0 [design_1_mdm_1_0_default]
Compiling module xil_defaultlib.axi_lite_slave_default
Compiling module xil_defaultlib.axi_lite_master
Compiling module xil_defaultlib.lsr532
Compiling module xil_defaultlib.mem_controller
Compiling module xil_defaultlib.design_1_mem_controller_0_0
Compiling architecture imp of entity microblaze_v11_0_0.DAXI_interface [\DAXI_interface(c_data_size=32,c...]
Compiling architecture lut5_v of entity unisim.LUT5 [\LUT5(init="10101010101011000000...]
Compiling architecture imp of entity microblaze_v11_0_0.MB_LUT5 [\MB_LUT5(c_target=artix7,init="1...]
Compiling architecture lut4_v of entity unisim.LUT4 [\LUT4(init="1111111111101100")(0...]
Compiling architecture imp of entity microblaze_v11_0_0.MB_LUT4 [\MB_LUT4(c_target=artix7,init="1...]
Compiling architecture ram32x1d_v of entity unisim.RAM32X1D [ram32x1d_default]
Compiling architecture imp of entity microblaze_v11_0_0.MB_RAM32X1D [\MB_RAM32X1D(c_target=artix7,c_u...]
Compiling architecture imp of entity microblaze_v11_0_0.MB_RAM16X1D [\MB_RAM16X1D(c_target=artix7,c_u...]
Compiling architecture lut6_v of entity unisim.LUT6 [\LUT6(init="10101010111100001100...]
Compiling architecture imp of entity microblaze_v11_0_0.MB_LUT6 [\MB_LUT6(c_target=artix7,init="1...]
Compiling architecture fdse_v of entity unisim.FDSE [\FDSE(init='0')\]
Compiling architecture imp of entity microblaze_v11_0_0.MB_FDSE [\MB_FDSE(c_target=artix7,init='0...]
Compiling architecture lut6_v of entity unisim.LUT6 [\LUT6(init="10101010000011111100...]
Compiling architecture imp of entity microblaze_v11_0_0.MB_LUT6 [\MB_LUT6(c_target=artix7,init="1...]
Compiling architecture imp of entity microblaze_v11_0_0.Cache_Interface [\Cache_Interface(c_target=artix7...]
Compiling architecture imp of entity microblaze_v11_0_0.comparator [\comparator(c_target=artix7,c_is...]
Compiling architecture imp of entity microblaze_v11_0_0.cache_valid_bit_detect [\cache_valid_bit_detect(c_addr_s...]
Compiling architecture rb36_internal_vhdl_v of entity unisim.RB36_INTERNAL_VHDL [\RB36_INTERNAL_VHDL(init_a="0000...]
Compiling architecture ramb36e1_v of entity unisim.RAMB36E1 [\RAMB36E1(read_width_a=36,read_w...]
Compiling architecture imp of entity microblaze_v11_0_0.MB_RAMB36 [\MB_RAMB36(c_target=artix7,c_use...]
Compiling architecture imp of entity microblaze_v11_0_0.RAM_Module [\RAM_Module(c_id=300,c_target=ar...]
Compiling architecture rb36_internal_vhdl_v of entity unisim.RB36_INTERNAL_VHDL [\RB36_INTERNAL_VHDL(init_a="0000...]
Compiling architecture ramb36e1_v of entity unisim.RAMB36E1 [\RAMB36E1(read_width_a=18,read_w...]
Compiling architecture imp of entity microblaze_v11_0_0.MB_RAMB36 [\MB_RAMB36(c_target=artix7,c_use...]
Compiling architecture imp of entity microblaze_v11_0_0.RAM_Module [\RAM_Module(c_id=400,c_target=ar...]
Compiling architecture imp of entity microblaze_v11_0_0.DCache_gti [\DCache_gti(c_target=artix7,c_al...]
Compiling architecture imp of entity microblaze_v11_0_0.comparator [\comparator(c_target=artix7,c_is...]
Compiling architecture imp of entity microblaze_v11_0_0.RAM_Module [\RAM_Module(c_id=1200,c_target=a...]
Compiling architecture imp of entity microblaze_v11_0_0.RAM_Module [\RAM_Module(c_id=1300,c_target=a...]
Compiling architecture imp of entity microblaze_v11_0_0.Cache_Interface [\Cache_Interface(c_target=artix7...]
Compiling architecture imp of entity microblaze_v11_0_0.Icache [\Icache(c_target=artix7,c_allow_...]
Compiling architecture srl16e_v of entity unisim.SRL16E [\SRL16E(init="1111111111111111")...]
Compiling architecture imp of entity microblaze_v11_0_0.MB_SRL16E [\MB_SRL16E(c_target=artix7,c_use...]
Compiling architecture srl16e_v of entity unisim.SRL16E [\SRL16E(init="1000000000000000")...]
Compiling architecture imp of entity microblaze_v11_0_0.MB_SRL16E [\MB_SRL16E(c_target=artix7,c_use...]
Compiling architecture srl16e_v of entity unisim.SRL16E [\SRL16E(init="1000100000011011")...]
Compiling architecture imp of entity microblaze_v11_0_0.MB_SRL16E [\MB_SRL16E(c_target=artix7,c_use...]
Compiling architecture srl16e_v of entity unisim.SRL16E [\SRL16E(15,0)\]
Compiling architecture imp of entity microblaze_v11_0_0.MB_SRL16E [\MB_SRL16E(c_target=artix7,c_use...]
Compiling architecture srl16e_v of entity unisim.SRL16E [\SRL16E(init="0000000001100100")...]
Compiling architecture imp of entity microblaze_v11_0_0.MB_SRL16E [\MB_SRL16E(c_target=artix7,c_use...]
Compiling architecture srl16e_v of entity unisim.SRL16E [\SRL16E(init="0010010100000000")...]
Compiling architecture imp of entity microblaze_v11_0_0.MB_SRL16E [\MB_SRL16E(c_target=artix7,c_use...]
Compiling architecture imp of entity microblaze_v11_0_0.mb_sync_bit [\mb_sync_bit(c_levels=1,c_reset_...]
Compiling architecture imp of entity microblaze_v11_0_0.mb_sync_vec [\mb_sync_vec(c_levels=1,c_reset_...]
Compiling architecture imp of entity microblaze_v11_0_0.mb_sync_bit [\mb_sync_bit(c_levels=1)\]
Compiling architecture imp of entity microblaze_v11_0_0.mb_sync_vec [\mb_sync_vec(c_width=10)\]
Compiling architecture srlc16e_v of entity unisim.SRLC16E [\SRLC16E(0,15)\]
Compiling architecture imp of entity microblaze_v11_0_0.MB_SRLC16E [\MB_SRLC16E(c_target=artix7,c_us...]
Compiling architecture imp of entity microblaze_v11_0_0.address_hit [\address_hit(c_target=artix7,c_f...]
Compiling architecture imp of entity microblaze_v11_0_0.Debug [\Debug(c_data_size=32,c_instr_si...]
Compiling architecture imp of entity microblaze_v11_0_0.interrupt_mode_converter [\interrupt_mode_converter(c_edge...]
Compiling architecture and2b1l_v of entity unisim.AND2B1L [and2b1l_default]
Compiling architecture imp of entity microblaze_v11_0_0.MB_AND2B1L [\MB_AND2B1L(c_target=artix7)\]
Compiling architecture imp of entity microblaze_v11_0_0.MB_MUXCY [\MB_MUXCY(c_target=artix7)\]
Compiling architecture imp of entity microblaze_v11_0_0.carry_or [\carry_or(c_target=artix7)\]
Compiling architecture imp of entity microblaze_v11_0_0.carry_and [\carry_and(c_target=artix7)\]
Compiling architecture lut6_v of entity unisim.LUT6 [\LUT6(init="10010000000010010000...]
Compiling architecture imp of entity microblaze_v11_0_0.MB_LUT6 [\MB_LUT6(c_target=artix7,init="1...]
Compiling architecture lut6_v of entity unisim.LUT6 [\LUT6(init="10010000000010010000...]
Compiling architecture imp of entity microblaze_v11_0_0.MB_LUT6 [\MB_LUT6(c_target=artix7,init="1...]
Compiling architecture imp of entity microblaze_v11_0_0.MB_FDRE [\MB_FDRE(c_target=artix7)\]
Compiling architecture muxcy_v of entity unisim.MUXCY [muxcy_default]
Compiling architecture muxcy_l_v of entity unisim.MUXCY_L [muxcy_l_default]
Compiling architecture xorcy_v of entity unisim.XORCY [xorcy_default]
Compiling architecture imp of entity microblaze_v11_0_0.MB_MUXCY_XORCY [\MB_MUXCY_XORCY(c_target=artix7)...]
Compiling architecture muxf7_v of entity unisim.MUXF7 [muxf7_default]
Compiling architecture imp of entity microblaze_v11_0_0.MB_MUXF7 [\MB_MUXF7(c_target=artix7)\]
Compiling architecture imp of entity microblaze_v11_0_0.MB_FDR [\MB_FDR(c_target=artix7)\]
Compiling architecture imp of entity microblaze_v11_0_0.PC_Module_gti [\PC_Module_gti(c_data_size=32,c_...]
Compiling architecture lut6_v of entity unisim.LUT6 [\LUT6(init="00000000000000000000...]
Compiling architecture imp of entity microblaze_v11_0_0.MB_LUT6 [\MB_LUT6(c_target=artix7,init="0...]
Compiling architecture lut6_v of entity unisim.LUT6 [\LUT6(init="00000000000000001111...]
Compiling architecture imp of entity microblaze_v11_0_0.MB_LUT6 [\MB_LUT6(c_target=artix7,init="0...]
Compiling architecture lut6_v of entity unisim.LUT6 [\LUT6(init="11111111000000001111...]
Compiling architecture imp of entity microblaze_v11_0_0.MB_LUT6 [\MB_LUT6(c_target=artix7,init="1...]
Compiling architecture fdse_v of entity unisim.FDSE [fdse_default]
Compiling architecture fds_v of entity unisim.FDS [fds_default]
Compiling architecture imp of entity microblaze_v11_0_0.MB_FDS [\MB_FDS(c_target=artix7)\]
Compiling architecture lut6_v of entity unisim.LUT6 [\LUT6(init="00000000111111110000...]
Compiling architecture imp of entity microblaze_v11_0_0.MB_LUT6 [\MB_LUT6(c_target=artix7,init="0...]
Compiling architecture imp of entity microblaze_v11_0_0.PreFetch_Buffer_gti [\PreFetch_Buffer_gti(c_instr_siz...]
Compiling architecture imp of entity microblaze_v11_0_0.jump_logic [\jump_logic(c_instr_size=32,c_ta...]
Compiling architecture imp of entity microblaze_v11_0_0.Decode_gti [\Decode_gti(c_data_size=32,c_ins...]
Compiling architecture lut6_2_v of entity unisim.LUT6_2 [\LUT6_2(init="000000001111111100...]
Compiling architecture imp of entity microblaze_v11_0_0.MB_LUT6_2 [\MB_LUT6_2(c_target=artix7,init=...]
Compiling architecture ram32m_v of entity unisim.RAM32M [ram32m_default]
Compiling architecture imp of entity microblaze_v11_0_0.MB_RAM32M [\MB_RAM32M(c_target=artix7,c_use...]
Compiling architecture imp of entity microblaze_v11_0_0.Register_File_gti [\Register_File_gti(c_data_size=3...]
Compiling architecture imp of entity microblaze_v11_0_0.Operand_Select_gti [\Operand_Select_gti(c_data_size=...]
Compiling architecture lut6_2_v of entity unisim.LUT6_2 [\LUT6_2(init="011000000111101010...]
Compiling architecture imp of entity microblaze_v11_0_0.MB_LUT6_2 [\MB_LUT6_2(c_target=artix7,init=...]
Compiling architecture imp of entity microblaze_v11_0_0.ALU_Bit [\ALU_Bit(c_target=artix7,c_allow...]
Compiling architecture lut6_v of entity unisim.LUT6 [\LUT6(init="01100000011110101010...]
Compiling architecture imp of entity microblaze_v11_0_0.MB_LUT6 [\MB_LUT6(c_target=artix7,init="0...]
Compiling architecture lut4_v of entity unisim.LUT4 [\LUT4(init="1111101000001010")(0...]
Compiling architecture imp of entity microblaze_v11_0_0.MB_LUT4 [\MB_LUT4(c_target=artix7,init="1...]
Compiling architecture lut2_v of entity unisim.LUT2 [\LUT2(init="1000")(0,3)\]
Compiling architecture mult_and_v of entity unisim.MULT_AND [mult_and_default]
Compiling architecture imp of entity microblaze_v11_0_0.MB_MULT_AND [\MB_MULT_AND(c_target=artix7)\]
Compiling architecture imp of entity microblaze_v11_0_0.ALU_Bit [\ALU_Bit(c_target=artix7,c_allow...]
Compiling architecture imp of entity microblaze_v11_0_0.ALU [\ALU(c_data_size=32,c_allow_lut6...]
Compiling architecture imp of entity microblaze_v11_0_0.MB_LUT6 [\MB_LUT6(c_target=rtl,init="1100...]
Compiling architecture imp of entity microblaze_v11_0_0.MB_LUT6 [\MB_LUT6(c_target=rtl,init="1100...]
Compiling architecture imp of entity microblaze_v11_0_0.MB_LUT6 [\MB_LUT6(c_target=rtl,init="1100...]
Compiling architecture imp of entity microblaze_v11_0_0.Shift_Logic_Module_gti [\Shift_Logic_Module_gti(c_data_s...]
Compiling architecture imp of entity microblaze_v11_0_0.mul_unit [\mul_unit(c_data_size=32,c_targe...]
Compiling architecture imp of entity microblaze_v11_0_0.Barrel_Shifter_gti [\Barrel_Shifter_gti(c_data_size=...]
Compiling architecture imp of entity microblaze_v11_0_0.WB_Mux_Bit [\WB_Mux_Bit(c_target=artix7,c_lu...]
Compiling architecture imp of entity microblaze_v11_0_0.WB_Mux [\WB_Mux(c_data_size=32,c_daddr_s...]
Compiling architecture imp of entity microblaze_v11_0_0.Zero_Detect_gti [\Zero_Detect_gti(c_data_size=32,...]
Compiling architecture imp of entity microblaze_v11_0_0.Byte_Doublet_Handle_gti [\Byte_Doublet_Handle_gti(c_data_...]
Compiling architecture imp of entity microblaze_v11_0_0.Data_Flow_Logic [\Data_Flow_Logic(c_data_size=32,...]
Compiling architecture msr_reg of entity microblaze_v11_0_0.msr_reg_gti [\msr_reg_gti(c_data_size=32,c_ta...]
Compiling architecture lut6_2_v of entity unisim.LUT6_2 [\LUT6_2(init="111111110000000011...]
Compiling architecture imp of entity microblaze_v11_0_0.MB_LUT6_2 [\MB_LUT6_2(c_target=artix7,init=...]
Compiling architecture imp of entity microblaze_v11_0_0.mux_bus [\mux_bus(c_target=artix7,c_allow...]
Compiling architecture lut6_2_v of entity unisim.LUT6_2 [\LUT6_2(init="100101101001011010...]
Compiling architecture imp of entity microblaze_v11_0_0.MB_LUT6_2 [\MB_LUT6_2(c_target=artix7,init=...]
Compiling architecture fde_v of entity unisim.FDE [fde_default]
Compiling architecture imp of entity microblaze_v11_0_0.MB_FDE [\MB_FDE(c_target=artix7)\]
Compiling architecture imp of entity microblaze_v11_0_0.exception_registers_gti [\exception_registers_gti(c_data_...]
Compiling architecture imp of entity microblaze_v11_0_0.Fpu [\Fpu(c_data_size=32,c_target=art...]
Compiling architecture imp of entity microblaze_v11_0_0.PVR [\PVR(c_data_size=32,c_daddr_size...]
Compiling architecture imp of entity microblaze_v11_0_0.Data_Flow_gti [\Data_Flow_gti(c_data_size=32,c_...]
Compiling architecture imp of entity microblaze_v11_0_0.read_data_mux [\read_data_mux(c_data_size=32,c_...]
Compiling architecture imp of entity microblaze_v11_0_0.instr_mux [\instr_mux(c_instr_size=32,c_tar...]
Compiling architecture imp of entity microblaze_v11_0_0.MMU [\MMU(c_data_size=32,c_daddr_size...]
Compiling architecture imp of entity microblaze_v11_0_0.MicroBlaze_GTi [\MicroBlaze_GTi(c_num_sync_ff_cl...]
Compiling architecture imp of entity microblaze_v11_0_0.mb_sync_bit [mb_sync_bit_default]
Compiling architecture imp of entity microblaze_v11_0_0.MicroBlaze_Core [\MicroBlaze_Core(c_freq=81247969...]
Compiling architecture imp of entity microblaze_v11_0_0.MicroBlaze [\MicroBlaze(c_freq=81247969,c_en...]
Compiling architecture design_1_microblaze_0_0_arch of entity xil_defaultlib.design_1_microblaze_0_0 [design_1_microblaze_0_0_default]
Compiling architecture byte_data_ram_a of entity axi_intc_v4_1_12.shared_ram_ivar [shared_ram_ivar_default]
Compiling architecture imp of entity axi_intc_v4_1_12.intc_core [\intc_core(c_family="artix7",c_n...]
Compiling architecture imp of entity axi_lite_ipif_v3_0_4.pselect_f [\pselect_f(c_ab=3,c_aw=9,c_bar="...]
Compiling architecture imp of entity axi_lite_ipif_v3_0_4.pselect_f [\pselect_f(c_ab=4,c_aw=4,c_bar="...]
Compiling architecture imp of entity axi_lite_ipif_v3_0_4.pselect_f [\pselect_f(c_ab=4,c_aw=4,c_bar="...]
Compiling architecture imp of entity axi_lite_ipif_v3_0_4.pselect_f [\pselect_f(c_ab=4,c_aw=4,c_bar="...]
Compiling architecture imp of entity axi_lite_ipif_v3_0_4.pselect_f [\pselect_f(c_ab=4,c_aw=4,c_bar="...]
Compiling architecture imp of entity axi_lite_ipif_v3_0_4.pselect_f [\pselect_f(c_ab=4,c_aw=4,c_bar="...]
Compiling architecture imp of entity axi_lite_ipif_v3_0_4.pselect_f [\pselect_f(c_ab=4,c_aw=4,c_bar="...]
Compiling architecture imp of entity axi_lite_ipif_v3_0_4.pselect_f [\pselect_f(c_ab=4,c_aw=4,c_bar="...]
Compiling architecture imp of entity axi_lite_ipif_v3_0_4.pselect_f [\pselect_f(c_ab=4,c_aw=4,c_bar="...]
Compiling architecture imp of entity axi_lite_ipif_v3_0_4.pselect_f [\pselect_f(c_ab=4,c_aw=4,c_bar="...]
Compiling architecture imp of entity axi_lite_ipif_v3_0_4.pselect_f [\pselect_f(c_ab=4,c_aw=4,c_bar="...]
Compiling architecture imp of entity axi_lite_ipif_v3_0_4.pselect_f [\pselect_f(c_ab=4,c_aw=4,c_bar="...]
Compiling architecture imp of entity axi_lite_ipif_v3_0_4.pselect_f [\pselect_f(c_ab=4,c_aw=4,c_bar="...]
Compiling architecture imp of entity axi_lite_ipif_v3_0_4.pselect_f [\pselect_f(c_ab=4,c_aw=4,c_bar="...]
Compiling architecture imp of entity axi_lite_ipif_v3_0_4.pselect_f [\pselect_f(c_ab=4,c_aw=4,c_bar="...]
Compiling architecture imp of entity axi_lite_ipif_v3_0_4.pselect_f [\pselect_f(c_ab=4,c_aw=4,c_bar="...]
Compiling architecture imp of entity axi_lite_ipif_v3_0_4.pselect_f [\pselect_f(c_ab=4,c_aw=4,c_bar="...]
Compiling architecture imp of entity axi_lite_ipif_v3_0_4.pselect_f [\pselect_f(c_ab=2,c_aw=9,c_bar="...]
Compiling architecture imp of entity axi_lite_ipif_v3_0_4.pselect_f [\pselect_f(c_ab=1,c_aw=9,c_bar="...]
Compiling architecture imp of entity axi_lite_ipif_v3_0_4.pselect_f [\pselect_f(c_ab=1,c_aw=1,c_bar="...]
Compiling architecture imp of entity axi_lite_ipif_v3_0_4.pselect_f [\pselect_f(c_ab=1,c_aw=1,c_bar="...]
Compiling architecture imp of entity axi_lite_ipif_v3_0_4.address_decoder [\address_decoder(c_bus_awidth=9,...]
Compiling architecture imp of entity axi_lite_ipif_v3_0_4.slave_attachment [\slave_attachment(c_ard_addr_ran...]
Compiling architecture imp of entity axi_lite_ipif_v3_0_4.axi_lite_ipif [\axi_lite_ipif(c_s_axi_addr_widt...]
Compiling architecture imp of entity axi_intc_v4_1_12.axi_intc [\axi_intc(c_family="artix7",c_in...]
Compiling architecture design_1_microblaze_0_axi_intc_0_arch of entity xil_defaultlib.design_1_microblaze_0_axi_intc_0 [design_1_microblaze_0_axi_intc_0...]
Compiling module fifo_generator_v13_2_3.fifo_generator_v13_2_3_bhv_ver_s...
Compiling module fifo_generator_v13_2_3.fifo_generator_v13_2_3_bhv_ver_p...
Compiling module fifo_generator_v13_2_3.fifo_generator_v13_2_3_CONV_VER(...
Compiling module fifo_generator_v13_2_3.fifo_generator_vlog_beh(C_COMMON...
Compiling module fifo_generator_v13_2_3.fifo_generator_v13_2_3(C_COMMON_...
Compiling module axi_data_fifo_v2_1_17.axi_data_fifo_v2_1_17_fifo_gen(C...
Compiling module axi_data_fifo_v2_1_17.axi_data_fifo_v2_1_17_axic_fifo(...
Compiling module fifo_generator_v13_2_3.fifo_generator_v13_2_3_bhv_ver_s...
Compiling module fifo_generator_v13_2_3.fifo_generator_v13_2_3_bhv_ver_p...
Compiling module fifo_generator_v13_2_3.fifo_generator_v13_2_3_CONV_VER(...
Compiling module fifo_generator_v13_2_3.fifo_generator_vlog_beh(C_COMMON...
Compiling module fifo_generator_v13_2_3.fifo_generator_v13_2_3(C_COMMON_...
Compiling module axi_data_fifo_v2_1_17.axi_data_fifo_v2_1_17_fifo_gen(C...
Compiling module axi_data_fifo_v2_1_17.axi_data_fifo_v2_1_17_axic_fifo(...
Compiling module axi_dwidth_converter_v2_1_18.axi_dwidth_converter_v2_1_18_a_d...
Compiling module axi_dwidth_converter_v2_1_18.axi_dwidth_converter_v2_1_18_w_d...
Compiling module axi_dwidth_converter_v2_1_18.axi_dwidth_converter_v2_1_18_b_d...
Compiling module axi_dwidth_converter_v2_1_18.axi_dwidth_converter_v2_1_18_a_d...
Compiling module axi_dwidth_converter_v2_1_18.axi_dwidth_converter_v2_1_18_r_d...
Compiling module axi_dwidth_converter_v2_1_18.axi_dwidth_converter_v2_1_18_axi...
Compiling module axi_dwidth_converter_v2_1_18.axi_dwidth_converter_v2_1_18_top...
Compiling module xil_defaultlib.design_1_auto_ds_0
Compiling module axi_infrastructure_v1_1_0.axi_infrastructure_v1_1_0_axi2ve...
Compiling module axi_register_slice_v2_1_18.axi_register_slice_v2_1_18_axic_...
Compiling module axi_register_slice_v2_1_18.axi_register_slice_v2_1_18_axic_...
Compiling module axi_register_slice_v2_1_18.axi_register_slice_v2_1_18_axic_...
Compiling module axi_register_slice_v2_1_18.axi_register_slice_v2_1_18_axic_...
Compiling module axi_infrastructure_v1_1_0.axi_infrastructure_v1_1_0_vector...
Compiling module axi_register_slice_v2_1_18.axi_register_slice_v2_1_18_axi_r...
Compiling module axi_protocol_converter_v2_1_18.axi_protocol_converter_v2_1_18_b...
Compiling module axi_protocol_converter_v2_1_18.axi_protocol_converter_v2_1_18_b...
Compiling module axi_protocol_converter_v2_1_18.axi_protocol_converter_v2_1_18_b...
Compiling module axi_protocol_converter_v2_1_18.axi_protocol_converter_v2_1_18_b...
Compiling module axi_protocol_converter_v2_1_18.axi_protocol_converter_v2_1_18_b...
Compiling module axi_protocol_converter_v2_1_18.axi_protocol_converter_v2_1_18_b...
Compiling module axi_protocol_converter_v2_1_18.axi_protocol_converter_v2_1_18_b...
Compiling module axi_protocol_converter_v2_1_18.axi_protocol_converter_v2_1_18_b...
Compiling module axi_protocol_converter_v2_1_18.axi_protocol_converter_v2_1_18_b...
Compiling module axi_protocol_converter_v2_1_18.axi_protocol_converter_v2_1_18_b...
Compiling module axi_protocol_converter_v2_1_18.axi_protocol_converter_v2_1_18_b...
Compiling module axi_protocol_converter_v2_1_18.axi_protocol_converter_v2_1_18_b...
Compiling module axi_protocol_converter_v2_1_18.axi_protocol_converter_v2_1_18_b...
Compiling module axi_infrastructure_v1_1_0.axi_infrastructure_v1_1_0_axi2ve...
Compiling module axi_register_slice_v2_1_18.axi_register_slice_v2_1_18_axic_...
Compiling module axi_register_slice_v2_1_18.axi_register_slice_v2_1_18_axic_...
Compiling module axi_register_slice_v2_1_18.axi_register_slice_v2_1_18_axic_...
Compiling module axi_register_slice_v2_1_18.axi_register_slice_v2_1_18_axic_...
Compiling module axi_infrastructure_v1_1_0.axi_infrastructure_v1_1_0_vector...
Compiling module axi_register_slice_v2_1_18.axi_register_slice_v2_1_18_axi_r...
Compiling module axi_protocol_converter_v2_1_18.axi_protocol_converter_v2_1_18_b...
Compiling module axi_protocol_converter_v2_1_18.axi_protocol_converter_v2_1_18_a...
Compiling module xil_defaultlib.design_1_auto_pc_0
Compiling module xil_defaultlib.m00_couplers_imp_8RVYHO
Compiling module xil_defaultlib.m01_couplers_imp_1UTB3Y5
Compiling module xil_defaultlib.design_1_auto_ds_1
Compiling module xil_defaultlib.design_1_auto_pc_1
Compiling module xil_defaultlib.m02_couplers_imp_7ANRHB
Compiling module axi_dwidth_converter_v2_1_18.axi_dwidth_converter_v2_1_18_a_d...
Compiling module axi_dwidth_converter_v2_1_18.axi_dwidth_converter_v2_1_18_a_d...
Compiling module axi_dwidth_converter_v2_1_18.axi_dwidth_converter_v2_1_18_axi...
Compiling module axi_dwidth_converter_v2_1_18.axi_dwidth_converter_v2_1_18_top...
Compiling module xil_defaultlib.design_1_auto_ds_2
Compiling module axi_infrastructure_v1_1_0.axi_infrastructure_v1_1_0_axi2ve...
Compiling module axi_register_slice_v2_1_18.axi_register_slice_v2_1_18_axic_...
Compiling module axi_infrastructure_v1_1_0.axi_infrastructure_v1_1_0_vector...
Compiling module axi_register_slice_v2_1_18.axi_register_slice_v2_1_18_axi_r...
Compiling module axi_protocol_converter_v2_1_18.axi_protocol_converter_v2_1_18_b...
Compiling module axi_protocol_converter_v2_1_18.axi_protocol_converter_v2_1_18_b...
Compiling module axi_protocol_converter_v2_1_18.axi_protocol_converter_v2_1_18_b...
Compiling module axi_protocol_converter_v2_1_18.axi_protocol_converter_v2_1_18_b...
Compiling module axi_protocol_converter_v2_1_18.axi_protocol_converter_v2_1_18_b...
Compiling module axi_infrastructure_v1_1_0.axi_infrastructure_v1_1_0_axi2ve...
Compiling module axi_register_slice_v2_1_18.axi_register_slice_v2_1_18_axic_...
Compiling module axi_infrastructure_v1_1_0.axi_infrastructure_v1_1_0_vector...
Compiling module axi_register_slice_v2_1_18.axi_register_slice_v2_1_18_axi_r...
Compiling module axi_protocol_converter_v2_1_18.axi_protocol_converter_v2_1_18_b...
Compiling module axi_protocol_converter_v2_1_18.axi_protocol_converter_v2_1_18_a...
Compiling module xil_defaultlib.design_1_auto_pc_2
Compiling module xil_defaultlib.m03_couplers_imp_1W07O72
Compiling module xil_defaultlib.design_1_auto_ds_3
Compiling module xil_defaultlib.design_1_auto_pc_3
Compiling module xil_defaultlib.m04_couplers_imp_5LX7BU
Compiling module axi_protocol_converter_v2_1_18.axi_protocol_converter_v2_1_18_a...
Compiling module xil_defaultlib.design_1_auto_pc_4
Compiling module axi_register_slice_v2_1_18.axi_register_slice_v2_1_18_axic_...
Compiling module axi_register_slice_v2_1_18.axi_register_slice_v2_1_18_axic_...
Compiling module axi_register_slice_v2_1_18.axi_register_slice_v2_1_18_axic_...
Compiling module axi_register_slice_v2_1_18.axi_register_slice_v2_1_18_axic_...
Compiling module axi_register_slice_v2_1_18.axi_register_slice_v2_1_18_axi_r...
Compiling module generic_baseblocks_v2_1_0.generic_baseblocks_v2_1_0_comman...
Compiling module axi_dwidth_converter_v2_1_18.axi_dwidth_converter_v2_1_18_a_u...
Compiling module axi_dwidth_converter_v2_1_18.axi_dwidth_converter_v2_1_18_w_u...
Compiling module axi_dwidth_converter_v2_1_18.axi_dwidth_converter_v2_1_18_a_u...
Compiling module axi_dwidth_converter_v2_1_18.axi_dwidth_converter_v2_1_18_r_u...
Compiling module axi_infrastructure_v1_1_0.axi_infrastructure_v1_1_0_axi2ve...
Compiling module axi_register_slice_v2_1_18.axi_register_slice_v2_1_18_axic_...
Compiling module axi_register_slice_v2_1_18.axi_register_slice_v2_1_18_axic_...
Compiling module axi_register_slice_v2_1_18.axi_register_slice_v2_1_18_axic_...
Compiling module axi_infrastructure_v1_1_0.axi_infrastructure_v1_1_0_vector...
Compiling module axi_register_slice_v2_1_18.axi_register_slice_v2_1_18_axi_r...
Compiling module axi_dwidth_converter_v2_1_18.axi_dwidth_converter_v2_1_18_axi...
Compiling module axi_dwidth_converter_v2_1_18.axi_dwidth_converter_v2_1_18_top...
Compiling module xil_defaultlib.design_1_auto_us_0
Compiling module xil_defaultlib.s00_couplers_imp_1RZP34U
Compiling module xil_defaultlib.design_1_auto_us_1
Compiling module xil_defaultlib.s01_couplers_imp_2REGHR
Compiling module axi_register_slice_v2_1_18.axi_register_slice_v2_1_18_axic_...
Compiling module axi_register_slice_v2_1_18.axi_register_slice_v2_1_18_axi_r...
Compiling module axi_dwidth_converter_v2_1_18.axi_dwidth_converter_v2_1_18_axi...
Compiling module axi_dwidth_converter_v2_1_18.axi_dwidth_converter_v2_1_18_top...
Compiling module xil_defaultlib.design_1_auto_us_2
Compiling module xil_defaultlib.s02_couplers_imp_1R40M8T
Compiling module xil_defaultlib.design_1_auto_pc_5
Compiling module xil_defaultlib.design_1_auto_us_3
Compiling module xil_defaultlib.s03_couplers_imp_3DF69O
Compiling module axi_protocol_converter_v2_1_18.axi_protocol_converter_v2_1_18_a...
Compiling module xil_defaultlib.design_1_auto_pc_6
Compiling module axi_register_slice_v2_1_18.axi_register_slice_v2_1_18_axi_r...
Compiling module axi_dwidth_converter_v2_1_18.axi_dwidth_converter_v2_1_18_axi...
Compiling module axi_dwidth_converter_v2_1_18.axi_dwidth_converter_v2_1_18_top...
Compiling module xil_defaultlib.design_1_auto_us_4
Compiling module xil_defaultlib.s04_couplers_imp_1TRPPG8
Compiling module generic_baseblocks_v2_1_0.generic_baseblocks_v2_1_0_carry_...
Compiling module generic_baseblocks_v2_1_0.generic_baseblocks_v2_1_0_compar...
Compiling module generic_baseblocks_v2_1_0.generic_baseblocks_v2_1_0_compar...
Compiling module generic_baseblocks_v2_1_0.generic_baseblocks_v2_1_0_compar...
Compiling module generic_baseblocks_v2_1_0.generic_baseblocks_v2_1_0_compar...
Compiling module generic_baseblocks_v2_1_0.generic_baseblocks_v2_1_0_compar...
Compiling module axi_crossbar_v2_1_19.axi_crossbar_v2_1_19_addr_decode...
Compiling module unisims_ver.MUXF7
Compiling module generic_baseblocks_v2_1_0.generic_baseblocks_v2_1_0_mux_en...
Compiling module unisims_ver.SRLC32E_default
Compiling module axi_data_fifo_v2_1_17.axi_data_fifo_v2_1_17_ndeep_srl(...
Compiling module axi_data_fifo_v2_1_17.axi_data_fifo_v2_1_17_axic_srl_f...
Compiling module axi_crossbar_v2_1_19.axi_crossbar_v2_1_19_si_transact...
Compiling module generic_baseblocks_v2_1_0.generic_baseblocks_v2_1_0_mux_en...
Compiling module axi_crossbar_v2_1_19.axi_crossbar_v2_1_19_si_transact...
Compiling module axi_crossbar_v2_1_19.axi_crossbar_v2_1_19_splitter
Compiling module axi_data_fifo_v2_1_17.axi_data_fifo_v2_1_17_axic_reg_s...
Compiling module axi_crossbar_v2_1_19.axi_crossbar_v2_1_19_wdata_route...
Compiling module axi_data_fifo_v2_1_17.axi_data_fifo_v2_1_17_ndeep_srl(...
Compiling module axi_data_fifo_v2_1_17.axi_data_fifo_v2_1_17_axic_srl_f...
Compiling module axi_crossbar_v2_1_19.axi_crossbar_v2_1_19_si_transact...
Compiling module generic_baseblocks_v2_1_0.generic_baseblocks_v2_1_0_nto1_m...
Compiling module axi_data_fifo_v2_1_17.axi_data_fifo_v2_1_17_ndeep_srl(...
Compiling module axi_data_fifo_v2_1_17.axi_data_fifo_v2_1_17_axic_srl_f...
Compiling module axi_crossbar_v2_1_19.axi_crossbar_v2_1_19_si_transact...
Compiling module axi_data_fifo_v2_1_17.axi_data_fifo_v2_1_17_ndeep_srl(...
Compiling module axi_data_fifo_v2_1_17.axi_data_fifo_v2_1_17_axic_reg_s...
Compiling module axi_crossbar_v2_1_19.axi_crossbar_v2_1_19_wdata_route...
Compiling module axi_crossbar_v2_1_19.axi_crossbar_v2_1_19_si_transact...
Compiling module axi_crossbar_v2_1_19.axi_crossbar_v2_1_19_si_transact...
Compiling module axi_crossbar_v2_1_19.axi_crossbar_v2_1_19_si_transact...
Compiling module axi_crossbar_v2_1_19.axi_crossbar_v2_1_19_si_transact...
Compiling module axi_crossbar_v2_1_19.axi_crossbar_v2_1_19_addr_decode...
Compiling module axi_crossbar_v2_1_19.axi_crossbar_v2_1_19_addr_decode...
Compiling module axi_data_fifo_v2_1_17.axi_data_fifo_v2_1_17_axic_reg_s...
Compiling module generic_baseblocks_v2_1_0.generic_baseblocks_v2_1_0_mux_en...
Compiling module axi_crossbar_v2_1_19.axi_crossbar_v2_1_19_wdata_mux(C...
Compiling module axi_data_fifo_v2_1_17.axi_data_fifo_v2_1_17_axic_srl_f...
Compiling module axi_infrastructure_v1_1_0.axi_infrastructure_v1_1_0_axi2ve...
Compiling module axi_register_slice_v2_1_18.axi_register_slice_v2_1_18_axic_...
Compiling module axi_register_slice_v2_1_18.axi_register_slice_v2_1_18_axic_...
Compiling module axi_register_slice_v2_1_18.axi_register_slice_v2_1_18_axic_...
Compiling module axi_register_slice_v2_1_18.axi_register_slice_v2_1_18_axic_...
Compiling module axi_infrastructure_v1_1_0.axi_infrastructure_v1_1_0_vector...
Compiling module axi_register_slice_v2_1_18.axi_register_slice_v2_1_18_axi_r...
Compiling module axi_data_fifo_v2_1_17.axi_data_fifo_v2_1_17_ndeep_srl(...
Compiling module axi_data_fifo_v2_1_17.axi_data_fifo_v2_1_17_axic_reg_s...
Compiling module axi_crossbar_v2_1_19.axi_crossbar_v2_1_19_wdata_mux(C...
Compiling module axi_data_fifo_v2_1_17.axi_data_fifo_v2_1_17_axic_srl_f...
Compiling module axi_crossbar_v2_1_19.axi_crossbar_v2_1_19_addr_decode...
Compiling module axi_data_fifo_v2_1_17.axi_data_fifo_v2_1_17_axic_reg_s...
Compiling module axi_crossbar_v2_1_19.axi_crossbar_v2_1_19_wdata_mux(C...
Compiling module axi_data_fifo_v2_1_17.axi_data_fifo_v2_1_17_axic_srl_f...
Compiling module generic_baseblocks_v2_1_0.generic_baseblocks_v2_1_0_mux_en...
Compiling module generic_baseblocks_v2_1_0.generic_baseblocks_v2_1_0_mux_en...
Compiling module axi_crossbar_v2_1_19.axi_crossbar_v2_1_19_addr_arbite...
Compiling module axi_crossbar_v2_1_19.axi_crossbar_v2_1_19_decerr_slav...
Compiling module axi_crossbar_v2_1_19.axi_crossbar_v2_1_19_crossbar(C_...
Compiling module axi_crossbar_v2_1_19.axi_crossbar_v2_1_19_axi_crossba...
Compiling module xil_defaultlib.design_1_xbar_0
Compiling module xil_defaultlib.design_1_microblaze_0_axi_periph...
Compiling architecture imp of entity lmb_bram_if_cntlr_v4_0_15.pselect_mask [\pselect_mask(c_bar="00000000000...]
Compiling architecture imp of entity lmb_bram_if_cntlr_v4_0_15.lmb_mux [\lmb_mux(c_target=artix7,c_basea...]
Compiling architecture imp of entity lmb_bram_if_cntlr_v4_0_15.lmb_bram_if_cntlr [\lmb_bram_if_cntlr(c_family="art...]
Compiling architecture design_1_dlmb_bram_if_cntlr_0_arch of entity xil_defaultlib.design_1_dlmb_bram_if_cntlr_0 [design_1_dlmb_bram_if_cntlr_0_de...]
Compiling architecture imp of entity lmb_v10_v3_0_9.lmb_v10 [\lmb_v10(c_lmb_num_slaves=1)\]
Compiling architecture design_1_dlmb_v10_0_arch of entity xil_defaultlib.design_1_dlmb_v10_0 [design_1_dlmb_v10_0_default]
Compiling architecture design_1_ilmb_bram_if_cntlr_0_arch of entity xil_defaultlib.design_1_ilmb_bram_if_cntlr_0 [design_1_ilmb_bram_if_cntlr_0_de...]
Compiling architecture design_1_ilmb_v10_0_arch of entity xil_defaultlib.design_1_ilmb_v10_0 [design_1_ilmb_v10_0_default]
Compiling module blk_mem_gen_v8_4_2.blk_mem_gen_v8_4_2_output_stage(...
Compiling module blk_mem_gen_v8_4_2.blk_mem_gen_v8_4_2_softecc_outpu...
Compiling module blk_mem_gen_v8_4_2.blk_mem_gen_v8_4_2_mem_module(C_...
Compiling module blk_mem_gen_v8_4_2.blk_mem_gen_v8_4_2(C_FAMILY="art...
Compiling module xil_defaultlib.design_1_lmb_bram_0
Compiling module xil_defaultlib.microblaze_0_local_memory_imp_1K...
Compiling module xlconcat_v2_1_1.xlconcat_v2_1_1_xlconcat(dout_wi...
Compiling module xil_defaultlib.design_1_microblaze_0_xlconcat_0
Compiling module unisims_ver.IDELAYCTRL_default
Compiling module xil_defaultlib.mig_7series_v4_2_iodelay_ctrl(IO...
Compiling module xil_defaultlib.mig_7series_v4_2_clk_ibuf(SYSCLK...
Compiling module unisims_ver.XADC(INIT_40=16'b01000000000000,...
Compiling module xil_defaultlib.mig_7series_v4_2_tempmon_default
Compiling module unisims_ver.PLLE2_ADV(CLKFBOUT_MULT=13,CLKIN...
Compiling module unisims_ver.BUFH
Compiling module unisims_ver.MMCME2_ADV(BANDWIDTH="HIGH",CLKF...
Compiling module xil_defaultlib.mig_7series_v4_2_infrastructure(...
Compiling module xil_defaultlib.mig_7series_v4_2_rank_cntrl(DQRD...
Compiling module xil_defaultlib.mig_7series_v4_2_round_robin_arb...
Compiling module xil_defaultlib.mig_7series_v4_2_round_robin_arb...
Compiling module xil_defaultlib.mig_7series_v4_2_rank_common(DRA...
Compiling module xil_defaultlib.mig_7series_v4_2_rank_mach(CS_WI...
Compiling module xil_defaultlib.mig_7series_v4_2_bank_compare(CO...
Compiling module xil_defaultlib.mig_7series_v4_2_bank_state(CWL=...
Compiling module xil_defaultlib.mig_7series_v4_2_bank_queue_defa...
Compiling module xil_defaultlib.mig_7series_v4_2_bank_cntrl(COL_...
Compiling module xil_defaultlib.mig_7series_v4_2_bank_state(CWL=...
Compiling module xil_defaultlib.mig_7series_v4_2_bank_queue(ID=1...
Compiling module xil_defaultlib.mig_7series_v4_2_bank_cntrl(COL_...
Compiling module xil_defaultlib.mig_7series_v4_2_bank_state(CWL=...
Compiling module xil_defaultlib.mig_7series_v4_2_bank_queue(ID=2...
Compiling module xil_defaultlib.mig_7series_v4_2_bank_cntrl(COL_...
Compiling module xil_defaultlib.mig_7series_v4_2_bank_state(CWL=...
Compiling module xil_defaultlib.mig_7series_v4_2_bank_queue(ID=3...
Compiling module xil_defaultlib.mig_7series_v4_2_bank_cntrl(COL_...
Compiling module xil_defaultlib.mig_7series_v4_2_bank_common(LOW...
Compiling module xil_defaultlib.mig_7series_v4_2_round_robin_arb...
Compiling module xil_defaultlib.mig_7series_v4_2_arb_row_col(CWL...
Compiling module xil_defaultlib.mig_7series_v4_2_arb_select(CS_W...
Compiling module xil_defaultlib.mig_7series_v4_2_arb_mux(CS_WIDT...
Compiling module xil_defaultlib.mig_7series_v4_2_bank_mach(COL_W...
Compiling module unisims_ver.RAM32M
Compiling module xil_defaultlib.mig_7series_v4_2_col_mach(COL_WI...
Compiling module xil_defaultlib.mig_7series_v4_2_mc(COL_WIDTH=10...
Compiling module unisims_ver.OBUF
Compiling module unisims_ver.OBUFT
Compiling module unisims_ver.IOBUF_INTERMDISABLE(IBUF_LOW_PWR...
Compiling module unisims_ver.IOBUFDS_INTERMDISABLE(DQS_BIAS="...
Compiling module xil_defaultlib.mig_7series_v4_2_ddr_of_pre_fifo...
Compiling module xil_defaultlib.mig_7series_v4_2_ddr_of_pre_fifo...
Compiling module unisims_ver.BUFIO
Compiling module xil_defaultlib.mig_7series_v4_2_ddr_if_post_fif...
Compiling module xil_defaultlib.mig_7series_v4_2_ddr_of_pre_fifo...
Compiling secureip modules ...
Compiling module unisims_ver.PHASER_IN_PHY(BURST_MODE="TRUE",...
Compiling secureip modules ...
Compiling module unisims_ver.PHASER_OUT_PHY(CLKOUT_DIV=2,DATA...
Compiling secureip modules ...
Compiling module unisims_ver.IN_FIFO
Compiling secureip modules ...
Compiling module unisims_ver.OUT_FIFO
Compiling secureip modules ...
Compiling module unisims_ver.ISERDESE2(INTERFACE_TYPE="MEMORY...
Compiling module unisims_ver.IDELAYE2(HIGH_PERFORMANCE_MODE="...
Compiling secureip modules ...
Compiling module unisims_ver.OSERDESE2(DATA_WIDTH=32'sb0100,I...
Compiling secureip modules ...
Compiling module unisims_ver.OSERDESE2(DATA_WIDTH=32'sb0100,I...
Compiling module unisims_ver.ODDR(DDR_CLK_EDGE="SAME_EDGE")
Compiling module xil_defaultlib.mig_7series_v4_2_ddr_byte_group_...
Compiling module xil_defaultlib.mig_7series_v4_2_ddr_byte_lane(P...
Compiling module unisims_ver.PHASER_OUT_PHY(FINE_DELAY=60,MEM...
Compiling module unisims_ver.OUT_FIFO(ARRAY_MODE="ARRAY_MODE_...
Compiling secureip modules ...
Compiling module unisims_ver.OSERDESE2(DATA_RATE_OQ="SDR",DAT...
Compiling module xil_defaultlib.mig_7series_v4_2_ddr_byte_group_...
Compiling module xil_defaultlib.mig_7series_v4_2_ddr_byte_lane(A...
Compiling module xil_defaultlib.mig_7series_v4_2_ddr_byte_group_...
Compiling module xil_defaultlib.mig_7series_v4_2_ddr_byte_lane(A...
Compiling module xil_defaultlib.mig_7series_v4_2_ddr_byte_group_...
Compiling module unisims_ver.OBUFDS
Compiling module xil_defaultlib.mig_7series_v4_2_ddr_byte_lane(A...
Compiling secureip modules ...
Compiling module unisims_ver.PHY_CONTROL(AO_TOGGLE=1,BURST_MO...
Compiling module unisims_ver.PHASER_REF
Compiling module xil_defaultlib.mig_7series_v4_2_ddr_phy_4lanes(...
Compiling module xil_defaultlib.mig_7series_v4_2_ddr_mc_phy(DATA...
Compiling module xil_defaultlib.mig_7series_v4_2_ddr_mc_phy_wrap...
Compiling module xil_defaultlib.mig_7series_v4_2_ddr_prbs_gen(DQ...
Compiling module xil_defaultlib.mig_7series_v4_2_ddr_phy_init(tC...
Compiling module xil_defaultlib.mig_7series_v4_2_ddr_phy_wrcal(n...
Compiling module xil_defaultlib.mig_7series_v4_2_ddr_phy_wrlvl_o...
Compiling module xil_defaultlib.mig_7series_v4_2_ddr_phy_dqs_fou...
Compiling module xil_defaultlib.mig_7series_v4_2_ddr_phy_rdlvl(n...
Compiling module xil_defaultlib.mig_7series_v4_2_ddr_phy_tempmon...
Compiling module xil_defaultlib.mig_7series_v4_2_ddr_calib_top(n...
Compiling module xil_defaultlib.mig_7series_v4_2_ddr_phy_top(DDR...
Compiling module xil_defaultlib.mig_7series_v4_2_mem_intfc(PAYLO...
Compiling module xil_defaultlib.mig_7series_v4_2_ui_cmd(ADDR_WID...
Compiling module xil_defaultlib.mig_7series_v4_2_ui_wr_data(APP_...
Compiling module xil_defaultlib.mig_7series_v4_2_ui_rd_data(APP_...
Compiling module xil_defaultlib.mig_7series_v4_2_ui_top(APP_DATA...
Compiling module xil_defaultlib.mig_7series_v4_2_ddr_axic_regist...
Compiling module xil_defaultlib.mig_7series_v4_2_ddr_axic_regist...
Compiling module xil_defaultlib.mig_7series_v4_2_ddr_axic_regist...
Compiling module xil_defaultlib.mig_7series_v4_2_ddr_axic_regist...
Compiling module xil_defaultlib.mig_7series_v4_2_ddr_axi_registe...
Compiling module xil_defaultlib.mig_7series_v4_2_ddr_axic_regist...
Compiling module xil_defaultlib.mig_7series_v4_2_ddr_axic_regist...
Compiling module xil_defaultlib.mig_7series_v4_2_ddr_axic_regist...
Compiling module xil_defaultlib.mig_7series_v4_2_ddr_axic_regist...
Compiling module xil_defaultlib.mig_7series_v4_2_ddr_axi_registe...
Compiling module xil_defaultlib.mig_7series_v4_2_ddr_axic_regist...
Compiling module xil_defaultlib.mig_7series_v4_2_ddr_axic_regist...
Compiling module xil_defaultlib.mig_7series_v4_2_ddr_axic_regist...
Compiling module xil_defaultlib.mig_7series_v4_2_ddr_axi_registe...
Compiling module unisims_ver.MUXCY
Compiling module unisims_ver.XORCY
Compiling module unisims_ver.AND2B1L
Compiling module xil_defaultlib.mig_7series_v4_2_ddr_carry_latch...
Compiling module xil_defaultlib.mig_7series_v4_2_ddr_carry_and(C...
Compiling module unisims_ver.OR2L
Compiling module xil_defaultlib.mig_7series_v4_2_ddr_carry_latch...
Compiling module unisims_ver.FDRE_default
Compiling module xil_defaultlib.mig_7series_v4_2_ddr_command_fif...
Compiling module xil_defaultlib.mig_7series_v4_2_ddr_a_upsizer(C...
Compiling module xil_defaultlib.mig_7series_v4_2_ddr_comparator_...
Compiling module xil_defaultlib.mig_7series_v4_2_ddr_carry_or(C_...
Compiling module unisims_ver.LUT6_2(INIT=64'b0101101001011010...
Compiling module unisims_ver.LUT6_2(INIT=64'b0110011001111000...
Compiling module unisims_ver.LUT4
Compiling module unisims_ver.LUT6
Compiling module unisims_ver.FDSE_default
Compiling module xil_defaultlib.mig_7series_v4_2_ddr_comparator_...
Compiling module xil_defaultlib.mig_7series_v4_2_ddr_comparator_...
Compiling module xil_defaultlib.mig_7series_v4_2_ddr_w_upsizer(C...
Compiling module xil_defaultlib.mig_7series_v4_2_ddr_a_upsizer(C...
Compiling module xil_defaultlib.mig_7series_v4_2_ddr_r_upsizer(C...
Compiling module xil_defaultlib.mig_7series_v4_2_ddr_axi_upsizer...
Compiling module xil_defaultlib.mig_7series_v4_2_ddr_axic_regist...
Compiling module xil_defaultlib.mig_7series_v4_2_ddr_axic_regist...
Compiling module xil_defaultlib.mig_7series_v4_2_ddr_axi_registe...
Compiling module xil_defaultlib.mig_7series_v4_2_axi_mc_incr_cmd...
Compiling module xil_defaultlib.mig_7series_v4_2_axi_mc_wrap_cmd...
Compiling module xil_defaultlib.mig_7series_v4_2_axi_mc_cmd_tran...
Compiling module xil_defaultlib.mig_7series_v4_2_axi_mc_wr_cmd_f...
Compiling module xil_defaultlib.mig_7series_v4_2_axi_mc_aw_chann...
Compiling module xil_defaultlib.mig_7series_v4_2_axi_mc_w_channe...
Compiling module xil_defaultlib.mig_7series_v4_2_axi_mc_fifo(C_W...
Compiling module xil_defaultlib.mig_7series_v4_2_axi_mc_b_channe...
Compiling module xil_defaultlib.mig_7series_v4_2_axi_mc_incr_cmd...
Compiling module xil_defaultlib.mig_7series_v4_2_axi_mc_wrap_cmd...
Compiling module xil_defaultlib.mig_7series_v4_2_axi_mc_cmd_tran...
Compiling module xil_defaultlib.mig_7series_v4_2_axi_mc_cmd_fsm(...
Compiling module xil_defaultlib.mig_7series_v4_2_axi_mc_ar_chann...
Compiling module xil_defaultlib.mig_7series_v4_2_axi_mc_fifo(C_W...
Compiling module xil_defaultlib.mig_7series_v4_2_axi_mc_fifo(C_W...
Compiling module xil_defaultlib.mig_7series_v4_2_axi_mc_r_channe...
Compiling module xil_defaultlib.mig_7series_v4_2_axi_mc_cmd_arbi...
Compiling module xil_defaultlib.mig_7series_v4_2_axi_mc(C_FAMILY...
Compiling module xil_defaultlib.mig_7series_v4_2_memc_ui_top_axi...
Compiling module xil_defaultlib.design_1_mig_7series_0_0_mig_def...
Compiling module xil_defaultlib.design_1_mig_7series_0_0
Compiling architecture fdre_v of entity unisim.FDRE [\FDRE(init='1')\]
Compiling architecture implementation of entity lib_cdc_v1_0_2.cdc_sync [\cdc_sync(c_vector_width=2,c_mtb...]
Compiling architecture srl16e_v of entity unisim.SRL16E [\SRL16E(init="1111111111111111")...]
Compiling architecture srl16_v of entity unisim.SRL16 [\SRL16(init="1111111111111111")(...]
Compiling architecture imp of entity proc_sys_reset_v5_0_13.lpf [\lpf(c_ext_rst_width=4,c_aux_rst...]
Compiling architecture imp of entity proc_sys_reset_v5_0_13.upcnt_n [\upcnt_n(c_size=6)\]
Compiling architecture imp of entity proc_sys_reset_v5_0_13.sequence_psr [sequence_psr_default]
Compiling architecture imp of entity proc_sys_reset_v5_0_13.proc_sys_reset [\proc_sys_reset(c_family="artix7...]
Compiling architecture design_1_rst_mig_7series_0_81m_0_arch of entity xil_defaultlib.design_1_rst_mig_7series_0_81M_0 [design_1_rst_mig_7series_0_81m_0...]
Compiling module xil_defaultlib.design_1
Compiling module xil_defaultlib.design_1_wrapper
Compiling module xil_defaultlib.axi_lite_stimulus
Compiling module xil_defaultlib.part3_tb
Compiling module xil_defaultlib.glbl
Built simulation snapshot part3_tb_behav
